Analysis & Synthesis report for 2048
Mon Mar 16 12:11:30 2015
Quartus II Version 9.1 Build 350 03/24/2010 Service Pack 2 SJ Web Edition


---------------------
; Table of Contents ;
---------------------
  1. Legal Notice
  2. Analysis & Synthesis Summary
  3. Analysis & Synthesis Settings
  4. Parallel Compilation
  5. Analysis & Synthesis Messages



----------------
; Legal Notice ;
----------------
Copyright (C) 1991-2010 Altera Corporation
Your use of Altera Corporation's design tools, logic functions 
and other software and tools, and its AMPP partner logic 
functions, and any output files from any of the foregoing 
(including device programming or simulation files), and any 
associated documentation or information are expressly subject 
to the terms and conditions of the Altera Program License 
Subscription Agreement, Altera MegaCore Function License 
Agreement, or other applicable license agreement, including, 
without limitation, that your use is for the sole purpose of 
programming logic devices manufactured by Altera and sold by 
Altera or its authorized distributors.  Please refer to the 
applicable agreement for further details.



+-----------------------------------------------------------------------------------+
; Analysis & Synthesis Summary                                                      ;
+------------------------------------+----------------------------------------------+
; Analysis & Synthesis Status        ; Failed - Mon Mar 16 12:11:30 2015            ;
; Quartus II Version                 ; 9.1 Build 350 03/24/2010 SP 2 SJ Web Edition ;
; Revision Name                      ; 2048                                         ;
; Top-level Entity Name              ; Game                                         ;
; Family                             ; Cyclone II                                   ;
; Total logic elements               ; N/A until Partition Merge                    ;
;     Total combinational functions  ; N/A until Partition Merge                    ;
;     Dedicated logic registers      ; N/A until Partition Merge                    ;
; Total registers                    ; N/A until Partition Merge                    ;
; Total pins                         ; N/A until Partition Merge                    ;
; Total virtual pins                 ; N/A until Partition Merge                    ;
; Total memory bits                  ; N/A until Partition Merge                    ;
; Embedded Multiplier 9-bit elements ; N/A until Partition Merge                    ;
; Total PLLs                         ; N/A until Partition Merge                    ;
+------------------------------------+----------------------------------------------+


+----------------------------------------------------------------------------------------------------------------------+
; Analysis & Synthesis Settings                                                                                        ;
+----------------------------------------------------------------------------+--------------------+--------------------+
; Option                                                                     ; Setting            ; Default Value      ;
+----------------------------------------------------------------------------+--------------------+--------------------+
; Device                                                                     ; EP2C20F484C7       ;                    ;
; Top-level entity name                                                      ; Game               ; 2048               ;
; Family name                                                                ; Cyclone II         ; Stratix II         ;
; Optimization Technique                                                     ; Area               ; Balanced           ;
; Use Generated Physical Constraints File                                    ; Off                ;                    ;
; Use smart compilation                                                      ; Off                ; Off                ;
; Enable parallel Assembler and TimeQuest Timing Analyzer during compilation ; On                 ; On                 ;
; Enable compact report table                                                ; Off                ; Off                ;
; Restructure Multiplexers                                                   ; Auto               ; Auto               ;
; Create Debugging Nodes for IP Cores                                        ; Off                ; Off                ;
; Preserve fewer node names                                                  ; On                 ; On                 ;
; Disable OpenCore Plus hardware evaluation                                  ; Off                ; Off                ;
; Verilog Version                                                            ; Verilog_2001       ; Verilog_2001       ;
; VHDL Version                                                               ; VHDL_1993          ; VHDL_1993          ;
; State Machine Processing                                                   ; Auto               ; Auto               ;
; Safe State Machine                                                         ; Off                ; Off                ;
; Extract Verilog State Machines                                             ; On                 ; On                 ;
; Extract VHDL State Machines                                                ; On                 ; On                 ;
; Ignore Verilog initial constructs                                          ; Off                ; Off                ;
; Iteration limit for constant Verilog loops                                 ; 5000               ; 5000               ;
; Iteration limit for non-constant Verilog loops                             ; 250                ; 250                ;
; Add Pass-Through Logic to Inferred RAMs                                    ; On                 ; On                 ;
; Parallel Synthesis                                                         ; Off                ; Off                ;
; DSP Block Balancing                                                        ; Auto               ; Auto               ;
; NOT Gate Push-Back                                                         ; On                 ; On                 ;
; Power-Up Don't Care                                                        ; On                 ; On                 ;
; Remove Redundant Logic Cells                                               ; Off                ; Off                ;
; Remove Duplicate Registers                                                 ; On                 ; On                 ;
; Ignore CARRY Buffers                                                       ; Off                ; Off                ;
; Ignore CASCADE Buffers                                                     ; Off                ; Off                ;
; Ignore GLOBAL Buffers                                                      ; Off                ; Off                ;
; Ignore ROW GLOBAL Buffers                                                  ; Off                ; Off                ;
; Ignore LCELL Buffers                                                       ; Off                ; Off                ;
; Ignore SOFT Buffers                                                        ; On                 ; On                 ;
; Limit AHDL Integers to 32 Bits                                             ; Off                ; Off                ;
; Carry Chain Length                                                         ; 70                 ; 70                 ;
; Auto Carry Chains                                                          ; On                 ; On                 ;
; Auto Open-Drain Pins                                                       ; On                 ; On                 ;
; Perform WYSIWYG Primitive Resynthesis                                      ; Off                ; Off                ;
; Auto ROM Replacement                                                       ; On                 ; On                 ;
; Auto RAM Replacement                                                       ; On                 ; On                 ;
; Auto Shift Register Replacement                                            ; Auto               ; Auto               ;
; Auto Clock Enable Replacement                                              ; On                 ; On                 ;
; Strict RAM Replacement                                                     ; Off                ; Off                ;
; Allow Synchronous Control Signals                                          ; On                 ; On                 ;
; Force Use of Synchronous Clear Signals                                     ; Off                ; Off                ;
; Auto RAM to Logic Cell Conversion                                          ; Off                ; Off                ;
; Auto Resource Sharing                                                      ; Off                ; Off                ;
; Allow Any RAM Size For Recognition                                         ; Off                ; Off                ;
; Allow Any ROM Size For Recognition                                         ; Off                ; Off                ;
; Allow Any Shift Register Size For Recognition                              ; Off                ; Off                ;
; Use LogicLock Constraints during Resource Balancing                        ; On                 ; On                 ;
; Ignore translate_off and synthesis_off directives                          ; Off                ; Off                ;
; Timing-Driven Synthesis                                                    ; Off                ; Off                ;
; Show Parameter Settings Tables in Synthesis Report                         ; On                 ; On                 ;
; Ignore Maximum Fan-Out Assignments                                         ; Off                ; Off                ;
; Synchronization Register Chain Length                                      ; 2                  ; 2                  ;
; PowerPlay Power Optimization                                               ; Normal compilation ; Normal compilation ;
; HDL message level                                                          ; Level2             ; Level2             ;
; Suppress Register Optimization Related Messages                            ; Off                ; Off                ;
; Number of Removed Registers Reported in Synthesis Report                   ; 5000               ; 5000               ;
; Number of Inverted Registers Reported in Synthesis Report                  ; 100                ; 100                ;
; Clock MUX Protection                                                       ; On                 ; On                 ;
; Auto Gated Clock Conversion                                                ; Off                ; Off                ;
; Block Design Naming                                                        ; Auto               ; Auto               ;
; SDC constraint protection                                                  ; Off                ; Off                ;
; Synthesis Effort                                                           ; Auto               ; Auto               ;
; Shift Register Replacement - Allow Asynchronous Clear Signal               ; On                 ; On                 ;
; Analysis & Synthesis Message Level                                         ; Medium             ; Medium             ;
; Disable Register Merging Across Hierarchies                                ; Auto               ; Auto               ;
; Resource Aware Inference For Block RAM                                     ; On                 ; On                 ;
+----------------------------------------------------------------------------+--------------------+--------------------+


Parallel compilation was disabled, but you have multiple processors available. Enable parallel compilation to reduce compilation time.
+-------------------------------------+
; Parallel Compilation                ;
+----------------------------+--------+
; Processors                 ; Number ;
+----------------------------+--------+
; Number detected on machine ; 4      ;
; Maximum allowed            ; 1      ;
+----------------------------+--------+


+-------------------------------+
; Analysis & Synthesis Messages ;
+-------------------------------+
Info: *******************************************************************
Info: Running Quartus II Analysis & Synthesis
    Info: Version 9.1 Build 350 03/24/2010 Service Pack 2 SJ Web Edition
    Info: Processing started: Mon Mar 16 12:11:28 2015
Info: Command: quartus_map --read_settings_files=on --write_settings_files=off 2048 -c 2048
Info: Found 2 design units, including 1 entities, in source file game.vhd
    Info: Found design unit 1: GAME-Behavioral
    Info: Found entity 1: GAME
Info: Found 2 design units, including 1 entities, in source file game_clkgenerator.vhd
    Info: Found design unit 1: GAME_CLKGENERATOR-Behavioral
    Info: Found entity 1: GAME_CLKGENERATOR
Info: Found 2 design units, including 1 entities, in source file game_control.vhd
    Info: Found design unit 1: GAME_CONTROL-behavior
    Info: Found entity 1: GAME_CONTROL
Error (10500): VHDL syntax error at Game_DATA.vhd(9) near text "PORT";  expecting "end", or "begin", or a declaration statement File: C:/Users/Giacomo/Documents/Unibo/Sistemi Digitali M/2048-DE1/Game_DATA.vhd Line: 9
Error (10523): Ignored construct GAME_DATA at Game_DATA.vhd(7) due to previous errors File: C:/Users/Giacomo/Documents/Unibo/Sistemi Digitali M/2048-DE1/Game_DATA.vhd Line: 7
Info: Found 0 design units, including 0 entities, in source file game_data.vhd
Info: Found 2 design units, including 1 entities, in source file game_keyboard.vhd
    Info: Found design unit 1: GAME_KEYBOARD-Behavioral
    Info: Found entity 1: GAME_KEYBOARD
Info: Found 2 design units, including 1 entities, in source file game_view.vhd
    Info: Found design unit 1: GAME_VIEW-behavior
    Info: Found entity 1: GAME_VIEW
Info: Found 2 design units, including 1 entities, in source file game_box.vhd
    Info: Found design unit 1: GAME_BOX-box_arch
    Info: Found entity 1: GAME_BOX
Info: Found 2 design units, including 1 entities, in source file game_chrom.vhd
    Info: Found design unit 1: GAME_CHROM-arch
    Info: Found entity 1: GAME_CHROM
Info: Found 2 design units, including 1 entities, in source file game_chdisplay.vhd
    Info: Found design unit 1: Game_CHDISPLAY-arch
    Info: Found entity 1: Game_CHDISPLAY
Error: Quartus II Analysis & Synthesis was unsuccessful. 2 errors, 0 warnings
    Error: Peak virtual memory: 233 megabytes
    Error: Processing ended: Mon Mar 16 12:11:31 2015
    Error: Elapsed time: 00:00:03
    Error: Total CPU time (on all processors): 00:00:02


